  Brain.cpp
C:\Users\Sashk\source\repos\Convolutional Neural Network\Convolutional Neural Network\Convolutional_layer.h(34,61): warning C4227: устаревший элемент: пропуск квалификаторов для ссылки
C:\Users\Sashk\source\repos\Convolutional Neural Network\Convolutional Neural Network\Convolutional_layer.h(37,60): warning C4227: устаревший элемент: пропуск квалификаторов для ссылки
C:\Users\Sashk\source\repos\Convolutional Neural Network\Convolutional Neural Network\Convolutional_layer.h(37,108): warning C4227: устаревший элемент: пропуск квалификаторов для ссылки
C:\Users\Sashk\source\repos\Convolutional Neural Network\Convolutional Neural Network\Convolutional_layer.h(47,59): warning C4227: устаревший элемент: пропуск квалификаторов для ссылки
C:\Users\Sashk\source\repos\Convolutional Neural Network\Convolutional Neural Network\Dense_layer.h(49,59): warning C4227: устаревший элемент: пропуск квалификаторов для ссылки
C:\Users\Sashk\source\repos\Convolutional Neural Network\Convolutional Neural Network\Brain.h(15,65): warning C4227: устаревший элемент: пропуск квалификаторов для ссылки
C:\Users\Sashk\source\repos\Convolutional Neural Network\Convolutional Neural Network\Brain.h(51,81): warning C4227: устаревший элемент: пропуск квалификаторов для ссылки
C:\Users\Sashk\source\repos\Convolutional Neural Network\Convolutional Neural Network\Brain.h(52,57): warning C4227: устаревший элемент: пропуск квалификаторов для ссылки
C:\Users\Sashk\source\repos\Convolutional Neural Network\Convolutional Neural Network\Brain.h(53,57): warning C4227: устаревший элемент: пропуск квалификаторов для ссылки
  main.cpp
C:\Users\Sashk\source\repos\Convolutional Neural Network\Convolutional Neural Network\Convolutional_layer.h(34,61): warning C4227: устаревший элемент: пропуск квалификаторов для ссылки
C:\Users\Sashk\source\repos\Convolutional Neural Network\Convolutional Neural Network\Convolutional_layer.h(37,60): warning C4227: устаревший элемент: пропуск квалификаторов для ссылки
C:\Users\Sashk\source\repos\Convolutional Neural Network\Convolutional Neural Network\Convolutional_layer.h(37,108): warning C4227: устаревший элемент: пропуск квалификаторов для ссылки
C:\Users\Sashk\source\repos\Convolutional Neural Network\Convolutional Neural Network\Convolutional_layer.h(47,59): warning C4227: устаревший элемент: пропуск квалификаторов для ссылки
C:\Users\Sashk\source\repos\Convolutional Neural Network\Convolutional Neural Network\Dense_layer.h(49,59): warning C4227: устаревший элемент: пропуск квалификаторов для ссылки
C:\Users\Sashk\source\repos\Convolutional Neural Network\Convolutional Neural Network\Brain.h(15,65): warning C4227: устаревший элемент: пропуск квалификаторов для ссылки
C:\Users\Sashk\source\repos\Convolutional Neural Network\Convolutional Neural Network\Brain.h(51,81): warning C4227: устаревший элемент: пропуск квалификаторов для ссылки
C:\Users\Sashk\source\repos\Convolutional Neural Network\Convolutional Neural Network\Brain.h(52,57): warning C4227: устаревший элемент: пропуск квалификаторов для ссылки
C:\Users\Sashk\source\repos\Convolutional Neural Network\Convolutional Neural Network\Brain.h(53,57): warning C4227: устаревший элемент: пропуск квалификаторов для ссылки
  Создание кода...
  Convolutional Neural Network.vcxproj -> C:\Users\Sashk\source\repos\Convolutional Neural Network\x64\Debug\Convolutional Neural Network.exe
